{
  "stats": {
    "suites": 3,
    "tests": 2,
    "passes": 2,
    "pending": 0,
    "failures": 0,
    "start": "2017-11-10T20:19:19.451Z",
    "end": "2017-11-10T20:19:19.505Z",
    "duration": 54,
    "testsRegistered": 2,
    "passPercent": 100,
    "pendingPercent": 0,
    "other": 0,
    "hasOther": false,
    "skipped": 0,
    "hasSkipped": false,
    "passPercentClass": "success",
    "pendingPercentClass": "danger"
  },
  "suites": {
    "title": "",
    "suites": [
      {
        "title": "Color Code Converter",
        "suites": [
          {
            "title": "RGB to Hex conversion",
            "suites": [],
            "tests": [
              {
                "title": "coverts the basic colors",
                "fullTitle": "Color Code Converter RGB to Hex conversion coverts the basic colors",
                "timedOut": false,
                "duration": 3,
                "state": "passed",
                "speed": "fast",
                "pass": true,
                "fail": false,
                "pending": false,
                "code": "var redHex = converter.rgbToHex(255, 0, 0);\nvar greenHex = converter.rgbToHex(0, 255, 0);\nvar blueHex = converter.rgbToHex(0, 0, 255);\nexpect(redHex).to.deep.equal(\"ff0000\");\nexpect(greenHex).to.deep.equal(\"00ff00\");\nexpect(blueHex).to.deep.equal(\"0000ff\");",
                "err": {},
                "isRoot": false,
                "uuid": "c13aa1f2-e2b4-42ca-808a-fa0940250d60",
                "parentUUID": "f364fb07-f581-4812-a064-9ffe7e047ca8",
                "isHook": false,
                "skipped": false
              }
            ],
            "pending": [],
            "root": false,
            "_timeout": 2000,
            "file": "\\test\\converter.js",
            "uuid": "f364fb07-f581-4812-a064-9ffe7e047ca8",
            "beforeHooks": [],
            "afterHooks": [],
            "fullFile": "C:\\Users\\Juan\\Desktop\\PruebasUnitarias\\test\\converter.js",
            "passes": [
              {
                "title": "coverts the basic colors",
                "fullTitle": "Color Code Converter RGB to Hex conversion coverts the basic colors",
                "timedOut": false,
                "duration": 3,
                "state": "passed",
                "speed": "fast",
                "pass": true,
                "fail": false,
                "pending": false,
                "code": "var redHex = converter.rgbToHex(255, 0, 0);\nvar greenHex = converter.rgbToHex(0, 255, 0);\nvar blueHex = converter.rgbToHex(0, 0, 255);\nexpect(redHex).to.deep.equal(\"ff0000\");\nexpect(greenHex).to.deep.equal(\"00ff00\");\nexpect(blueHex).to.deep.equal(\"0000ff\");",
                "err": {},
                "isRoot": false,
                "uuid": "c13aa1f2-e2b4-42ca-808a-fa0940250d60",
                "parentUUID": "f364fb07-f581-4812-a064-9ffe7e047ca8",
                "isHook": false,
                "skipped": false
              }
            ],
            "failures": [],
            "skipped": [],
            "hasBeforeHooks": false,
            "hasAfterHooks": false,
            "hasTests": true,
            "hasSuites": false,
            "totalTests": 1,
            "totalPasses": 1,
            "totalFailures": 0,
            "totalPending": 0,
            "totalSkipped": 0,
            "hasPasses": true,
            "hasFailures": false,
            "hasPending": false,
            "hasSkipped": false,
            "duration": 3,
            "rootEmpty": false
          },
          {
            "title": "Hex to RGB conversion",
            "suites": [],
            "tests": [
              {
                "title": "coverts the basic colors",
                "fullTitle": "Color Code Converter Hex to RGB conversion coverts the basic colors",
                "timedOut": false,
                "duration": 8,
                "state": "passed",
                "speed": "fast",
                "pass": true,
                "fail": false,
                "pending": false,
                "code": "var red = converter.hexToRgb(\"ff0000\");\nvar green = converter.hexToRgb(\"00ff00\");\nvar blue = converter.hexToRgb(\"0000ff\");\nexpect(red).to.deep.equal([255, 0, 0]);\nexpect(green).to.deep.equal([0, 255, 0]);\nexpect(blue).to.deep.equal([0, 0, 255]);",
                "err": {},
                "isRoot": false,
                "uuid": "98f4cd59-3e87-4a88-b29e-f36a01ec1a43",
                "parentUUID": "b75a1453-606d-46ec-9e81-9496ed0b6a65",
                "isHook": false,
                "skipped": false
              }
            ],
            "pending": [],
            "root": false,
            "_timeout": 2000,
            "file": "\\test\\converter.js",
            "uuid": "b75a1453-606d-46ec-9e81-9496ed0b6a65",
            "beforeHooks": [],
            "afterHooks": [],
            "fullFile": "C:\\Users\\Juan\\Desktop\\PruebasUnitarias\\test\\converter.js",
            "passes": [
              {
                "title": "coverts the basic colors",
                "fullTitle": "Color Code Converter Hex to RGB conversion coverts the basic colors",
                "timedOut": false,
                "duration": 8,
                "state": "passed",
                "speed": "fast",
                "pass": true,
                "fail": false,
                "pending": false,
                "code": "var red = converter.hexToRgb(\"ff0000\");\nvar green = converter.hexToRgb(\"00ff00\");\nvar blue = converter.hexToRgb(\"0000ff\");\nexpect(red).to.deep.equal([255, 0, 0]);\nexpect(green).to.deep.equal([0, 255, 0]);\nexpect(blue).to.deep.equal([0, 0, 255]);",
                "err": {},
                "isRoot": false,
                "uuid": "98f4cd59-3e87-4a88-b29e-f36a01ec1a43",
                "parentUUID": "b75a1453-606d-46ec-9e81-9496ed0b6a65",
                "isHook": false,
                "skipped": false
              }
            ],
            "failures": [],
            "skipped": [],
            "hasBeforeHooks": false,
            "hasAfterHooks": false,
            "hasTests": true,
            "hasSuites": false,
            "totalTests": 1,
            "totalPasses": 1,
            "totalFailures": 0,
            "totalPending": 0,
            "totalSkipped": 0,
            "hasPasses": true,
            "hasFailures": false,
            "hasPending": false,
            "hasSkipped": false,
            "duration": 8,
            "rootEmpty": false
          }
        ],
        "tests": [],
        "pending": [],
        "root": false,
        "_timeout": 2000,
        "file": "\\test\\converter.js",
        "uuid": "7581a25a-6b09-4d21-a893-18803c24a495",
        "beforeHooks": [],
        "afterHooks": [],
        "fullFile": "C:\\Users\\Juan\\Desktop\\PruebasUnitarias\\test\\converter.js",
        "passes": [],
        "failures": [],
        "skipped": [],
        "hasBeforeHooks": false,
        "hasAfterHooks": false,
        "hasTests": false,
        "hasSuites": true,
        "totalTests": 0,
        "totalPasses": 0,
        "totalFailures": 0,
        "totalPending": 0,
        "totalSkipped": 0,
        "hasPasses": false,
        "hasFailures": false,
        "hasPending": false,
        "hasSkipped": false,
        "duration": 0,
        "rootEmpty": false
      }
    ],
    "tests": [],
    "pending": [],
    "root": true,
    "_timeout": 2000,
    "uuid": "91ec19b6-4cab-48c4-b326-17e335d3ea1a",
    "beforeHooks": [],
    "afterHooks": [],
    "fullFile": "",
    "file": "",
    "passes": [],
    "failures": [],
    "skipped": [],
    "hasBeforeHooks": false,
    "hasAfterHooks": false,
    "hasTests": false,
    "hasSuites": true,
    "totalTests": 0,
    "totalPasses": 0,
    "totalFailures": 0,
    "totalPending": 0,
    "totalSkipped": 0,
    "hasPasses": false,
    "hasFailures": false,
    "hasPending": false,
    "hasSkipped": false,
    "duration": 0,
    "rootEmpty": true
  },
  "allTests": [
    {
      "title": "coverts the basic colors",
      "fullTitle": "RGB to Hex conversion coverts the basic colors",
      "timedOut": false,
      "duration": 3,
      "state": "passed",
      "speed": "fast",
      "pass": true,
      "fail": false,
      "pending": false,
      "code": "var redHex = converter.rgbToHex(255, 0, 0);\nvar greenHex = converter.rgbToHex(0, 255, 0);\nvar blueHex = converter.rgbToHex(0, 0, 255);\nexpect(redHex).to.deep.equal(\"ff0000\");\nexpect(greenHex).to.deep.equal(\"00ff00\");\nexpect(blueHex).to.deep.equal(\"0000ff\");",
      "err": {},
      "isRoot": false,
      "uuid": "c13aa1f2-e2b4-42ca-808a-fa0940250d60",
      "parentUUID": "f364fb07-f581-4812-a064-9ffe7e047ca8",
      "isHook": false,
      "skipped": false
    },
    {
      "title": "coverts the basic colors",
      "fullTitle": "Hex to RGB conversion coverts the basic colors",
      "timedOut": false,
      "duration": 8,
      "state": "passed",
      "speed": "fast",
      "pass": true,
      "fail": false,
      "pending": false,
      "code": "var red = converter.hexToRgb(\"ff0000\");\nvar green = converter.hexToRgb(\"00ff00\");\nvar blue = converter.hexToRgb(\"0000ff\");\nexpect(red).to.deep.equal([255, 0, 0]);\nexpect(green).to.deep.equal([0, 255, 0]);\nexpect(blue).to.deep.equal([0, 0, 255]);",
      "err": {},
      "isRoot": false,
      "uuid": "98f4cd59-3e87-4a88-b29e-f36a01ec1a43",
      "parentUUID": "b75a1453-606d-46ec-9e81-9496ed0b6a65",
      "isHook": false,
      "skipped": false
    }
  ],
  "allPending": [],
  "allPasses": [
    {
      "title": "coverts the basic colors",
      "fullTitle": "RGB to Hex conversion coverts the basic colors",
      "timedOut": false,
      "duration": 3,
      "state": "passed",
      "speed": "fast",
      "pass": true,
      "fail": false,
      "pending": false,
      "code": "var redHex = converter.rgbToHex(255, 0, 0);\nvar greenHex = converter.rgbToHex(0, 255, 0);\nvar blueHex = converter.rgbToHex(0, 0, 255);\nexpect(redHex).to.deep.equal(\"ff0000\");\nexpect(greenHex).to.deep.equal(\"00ff00\");\nexpect(blueHex).to.deep.equal(\"0000ff\");",
      "err": {},
      "isRoot": false,
      "uuid": "c13aa1f2-e2b4-42ca-808a-fa0940250d60",
      "parentUUID": "f364fb07-f581-4812-a064-9ffe7e047ca8",
      "isHook": false,
      "skipped": false
    },
    {
      "title": "coverts the basic colors",
      "fullTitle": "Hex to RGB conversion coverts the basic colors",
      "timedOut": false,
      "duration": 8,
      "state": "passed",
      "speed": "fast",
      "pass": true,
      "fail": false,
      "pending": false,
      "code": "var red = converter.hexToRgb(\"ff0000\");\nvar green = converter.hexToRgb(\"00ff00\");\nvar blue = converter.hexToRgb(\"0000ff\");\nexpect(red).to.deep.equal([255, 0, 0]);\nexpect(green).to.deep.equal([0, 255, 0]);\nexpect(blue).to.deep.equal([0, 0, 255]);",
      "err": {},
      "isRoot": false,
      "uuid": "98f4cd59-3e87-4a88-b29e-f36a01ec1a43",
      "parentUUID": "b75a1453-606d-46ec-9e81-9496ed0b6a65",
      "isHook": false,
      "skipped": false
    }
  ],
  "allFailures": [],
  "copyrightYear": 2017
}